Godot Engine v4.6.2.stable.official.71f334935 - https://godotengine.org
Vulkan 1.4.318 - Forward+ - Using Device #0: AMD - AMD Ryzen Z1 Extreme (RADV PHOENIX)

AeroBeat Assembly started
Godot version: { "major": 4, "minor": 6, "patch": 2, "hex": 263682, "status": "stable", "build": "official", "hash": "71f334935c000924d403448e698df4441130df18", "timestamp": 0, "string": "4.6.2-stable (official)" }
Mediapipe proof export feature detected; launching proof scene
[AutoStartManager] 0% - Starting sidecar runtime validation...
[AutoStartManager] 25% - Resolving desktop sidecar runtime...
[AutoStartManager] 50% - Runtime Python found at addons/aerobeat-input-mediapipe/python_mediapipe/assets/runtimes/linux-x64/venv/bin/python
[AutoStartManager] 75% - Checking MediaPipe installation in resolved runtime...
[AutoStartManager] 100% - Python dependencies ready
[AutoStartManager] 100% - Model asset ready at addons/aerobeat-input-mediapipe/python_mediapipe/assets/models/pose_landmarker_full.task - starting server...
[AutoStartManager] _start_server() called
[AutoStartManager] Started sidecar with strategy linux-shell-process-group and server PID 3433284
[AutoStartManager] _start_detached_server() returned PID: 3433284
[AutoStartManager] Starting heartbeat immediately...
[AutoStartManager] Setting up heartbeat on port 4244
[AutoStartManager] Heartbeat target: 127.0.0.1:4244
[AutoStartManager] Heartbeat timer started (interval: 500ms)
[AutoStartManager] First heartbeat sent
[AutoStartManager] Waiting 2.0s for server to stabilize...
[AutoStartManager] Server is running after wait!
[CameraView] Starting stream from: http://127.0.0.1:4243/camera
[CameraView] Connecting to 127.0.0.1:4243/camera
[CameraView] connect_to_host returned: 0
[CameraView] Initial TCP status: 1
[CameraView] Final TCP status: 2
[CameraView] Connected, sending HTTP request...
[CameraView] Request sent, starting stream thread...
[CameraView] Stream started successfully
[CameraView] Stream thread started
[CameraView] _exit_tree called, stopping stream...
[CameraView] Stopping stream...
[CameraView] Waiting for stream thread to finish...
[CameraView] Stream thread ended
[CameraView] Stream stopped
[TestScene] Exit tree, stopping everything...
[TestScene] Stopping everything...
[TestScene] AutoStartManager will stop itself during scene teardown...
[TestScene] Cleanup complete
[TestScene] Pre-delete, stopping everything...
[TestScene] Stopping everything...
[TestScene] Cleanup complete
EXIT=0
