Collecting mediapipe>=0.10.0 (from -r addons/aerobeat-input-mediapipe/python_mediapipe/requirements.txt (line 1))
  Using cached mediapipe-0.10.35-py3-none-manylinux_2_28_x86_64.whl.metadata (9.8 kB)
Collecting opencv-python (from -r addons/aerobeat-input-mediapipe/python_mediapipe/requirements.txt (line 2))
  Using cached opencv_python-4.13.0.92-cp37-abi3-manylinux_2_28_x86_64.whl.metadata (19 kB)
Collecting numpy (from -r addons/aerobeat-input-mediapipe/python_mediapipe/requirements.txt (line 3))
  Using cached numpy-2.4.4-cp312-cp312-manylinux_2_27_x86_64.manylinux_2_28_x86_64.whl.metadata (6.6 kB)
Collecting absl-py~=2.3 (from mediapipe>=0.10.0->-r addons/aerobeat-input-mediapipe/python_mediapipe/requirements.txt (line 1))
  Using cached absl_py-2.4.0-py3-none-any.whl.metadata (3.3 kB)
Collecting certifi (from mediapipe>=0.10.0->-r addons/aerobeat-input-mediapipe/python_mediapipe/requirements.txt (line 1))
  Using cached certifi-2026.4.22-py3-none-any.whl.metadata (2.5 kB)
Collecting sounddevice~=0.5 (from mediapipe>=0.10.0->-r addons/aerobeat-input-mediapipe/python_mediapipe/requirements.txt (line 1))
  Using cached sounddevice-0.5.5-py3-none-any.whl.metadata (1.4 kB)
Collecting flatbuffers~=25.9 (from mediapipe>=0.10.0->-r addons/aerobeat-input-mediapipe/python_mediapipe/requirements.txt (line 1))
  Using cached flatbuffers-25.12.19-py2.py3-none-any.whl.metadata (1.0 kB)
Collecting opencv-contrib-python (from mediapipe>=0.10.0->-r addons/aerobeat-input-mediapipe/python_mediapipe/requirements.txt (line 1))
  Using cached opencv_contrib_python-4.13.0.92-cp37-abi3-manylinux_2_28_x86_64.whl.metadata (19 kB)
Collecting matplotlib (from mediapipe>=0.10.0->-r addons/aerobeat-input-mediapipe/python_mediapipe/requirements.txt (line 1))
  Using cached matplotlib-3.10.9-cp312-cp312-manylinux2014_x86_64.manylinux_2_17_x86_64.whl.metadata (52 kB)
Collecting cffi (from sounddevice~=0.5->mediapipe>=0.10.0->-r addons/aerobeat-input-mediapipe/python_mediapipe/requirements.txt (line 1))
  Using cached cffi-2.0.0-cp312-cp312-manylinux2014_x86_64.manylinux_2_17_x86_64.whl.metadata (2.6 kB)
Collecting contourpy>=1.0.1 (from matplotlib->mediapipe>=0.10.0->-r addons/aerobeat-input-mediapipe/python_mediapipe/requirements.txt (line 1))
  Using cached contourpy-1.3.3-cp312-cp312-manylinux_2_27_x86_64.manylinux_2_28_x86_64.whl.metadata (5.5 kB)
Collecting cycler>=0.10 (from matplotlib->mediapipe>=0.10.0->-r addons/aerobeat-input-mediapipe/python_mediapipe/requirements.txt (line 1))
  Using cached cycler-0.12.1-py3-none-any.whl.metadata (3.8 kB)
Collecting fonttools>=4.22.0 (from matplotlib->mediapipe>=0.10.0->-r addons/aerobeat-input-mediapipe/python_mediapipe/requirements.txt (line 1))
  Using cached fonttools-4.62.1-cp312-cp312-manylinux2014_x86_64.manylinux_2_17_x86_64.whl.metadata (117 kB)
Collecting kiwisolver>=1.3.1 (from matplotlib->mediapipe>=0.10.0->-r addons/aerobeat-input-mediapipe/python_mediapipe/requirements.txt (line 1))
  Using cached kiwisolver-1.5.0-cp312-cp312-manylinux2014_x86_64.manylinux_2_17_x86_64.whl.metadata (5.1 kB)
Collecting packaging>=20.0 (from matplotlib->mediapipe>=0.10.0->-r addons/aerobeat-input-mediapipe/python_mediapipe/requirements.txt (line 1))
  Using cached packaging-26.2-py3-none-any.whl.metadata (3.5 kB)
Collecting pillow>=8 (from matplotlib->mediapipe>=0.10.0->-r addons/aerobeat-input-mediapipe/python_mediapipe/requirements.txt (line 1))
  Using cached pillow-12.2.0-cp312-cp312-manylinux_2_27_x86_64.manylinux_2_28_x86_64.whl.metadata (8.8 kB)
Collecting pyparsing>=3 (from matplotlib->mediapipe>=0.10.0->-r addons/aerobeat-input-mediapipe/python_mediapipe/requirements.txt (line 1))
  Using cached pyparsing-3.3.2-py3-none-any.whl.metadata (5.8 kB)
Collecting python-dateutil>=2.7 (from matplotlib->mediapipe>=0.10.0->-r addons/aerobeat-input-mediapipe/python_mediapipe/requirements.txt (line 1))
  Using cached python_dateutil-2.9.0.post0-py2.py3-none-any.whl.metadata (8.4 kB)
Collecting six>=1.5 (from python-dateutil>=2.7->matplotlib->mediapipe>=0.10.0->-r addons/aerobeat-input-mediapipe/python_mediapipe/requirements.txt (line 1))
  Using cached six-1.17.0-py2.py3-none-any.whl.metadata (1.7 kB)
Collecting pycparser (from cffi->sounddevice~=0.5->mediapipe>=0.10.0->-r addons/aerobeat-input-mediapipe/python_mediapipe/requirements.txt (line 1))
  Using cached pycparser-3.0-py3-none-any.whl.metadata (8.2 kB)
Using cached mediapipe-0.10.35-py3-none-manylinux_2_28_x86_64.whl (12.4 MB)
Using cached opencv_python-4.13.0.92-cp37-abi3-manylinux_2_28_x86_64.whl (72.9 MB)
Using cached numpy-2.4.4-cp312-cp312-manylinux_2_27_x86_64.manylinux_2_28_x86_64.whl (16.6 MB)
Using cached absl_py-2.4.0-py3-none-any.whl (135 kB)
Using cached flatbuffers-25.12.19-py2.py3-none-any.whl (26 kB)
Using cached sounddevice-0.5.5-py3-none-any.whl (32 kB)
Using cached certifi-2026.4.22-py3-none-any.whl (135 kB)
Using cached matplotlib-3.10.9-cp312-cp312-manylinux2014_x86_64.manylinux_2_17_x86_64.whl (8.8 MB)
Using cached opencv_contrib_python-4.13.0.92-cp37-abi3-manylinux_2_28_x86_64.whl (79.2 MB)
Using cached contourpy-1.3.3-cp312-cp312-manylinux_2_27_x86_64.manylinux_2_28_x86_64.whl (362 kB)
Using cached cycler-0.12.1-py3-none-any.whl (8.3 kB)
Using cached fonttools-4.62.1-cp312-cp312-manylinux2014_x86_64.manylinux_2_17_x86_64.whl (5.0 MB)
Using cached kiwisolver-1.5.0-cp312-cp312-manylinux2014_x86_64.manylinux_2_17_x86_64.whl (1.5 MB)
Using cached packaging-26.2-py3-none-any.whl (100 kB)
Using cached pillow-12.2.0-cp312-cp312-manylinux_2_27_x86_64.manylinux_2_28_x86_64.whl (7.1 MB)
Using cached pyparsing-3.3.2-py3-none-any.whl (122 kB)
Using cached python_dateutil-2.9.0.post0-py2.py3-none-any.whl (229 kB)
Using cached cffi-2.0.0-cp312-cp312-manylinux2014_x86_64.manylinux_2_17_x86_64.whl (219 kB)
Using cached six-1.17.0-py2.py3-none-any.whl (11 kB)
Using cached pycparser-3.0-py3-none-any.whl (48 kB)
Installing collected packages: flatbuffers, six, pyparsing, pycparser, pillow, packaging, numpy, kiwisolver, fonttools, cycler, certifi, absl-py, python-dateutil, opencv-python, opencv-contrib-python, contourpy, cffi, sounddevice, matplotlib, mediapipe
Successfully installed absl-py-2.4.0 certifi-2026.4.22 cffi-2.0.0 contourpy-1.3.3 cycler-0.12.1 flatbuffers-25.12.19 fonttools-4.62.1 kiwisolver-1.5.0 matplotlib-3.10.9 mediapipe-0.10.35 numpy-2.4.4 opencv-contrib-python-4.13.0.92 opencv-python-4.13.0.92 packaging-26.2 pillow-12.2.0 pycparser-3.0 pyparsing-3.3.2 python-dateutil-2.9.0.post0 six-1.17.0 sounddevice-0.5.5
